{"/app/src/App.tsx": {"path":"/app/src/App.tsx","statementMap":{"0":{"start":{"line":9,"column":2},"end":{"line":20,"column":3}}},"fnMap":{"0":{"name":"App","decl":{"start":{"line":8,"column":9},"end":{"line":8,"column":12}},"loc":{"start":{"line":8,"column":14},"end":{"line":21,"column":1}},"line":8}},"branchMap":{},"s":{"0":0},"f":{"0":0},"b":{},"_coverageSchema":"1a1c01bbd47fc00a2c39e90264f33305004495a9","hash":"31e56a10808dbdcc0e9115e957cd0c0667a7fe1b"}
,"/app/src/client/SendMail.tsx": {"path":"/app/src/client/SendMail.tsx","statementMap":{"0":{"start":{"line":5,"column":17},"end":{"line":13,"column":1}},"1":{"start":{"line":6,"column":4},"end":{"line":12,"column":5}},"2":{"start":{"line":7,"column":6},"end":{"line":9,"column":9}},"3":{"start":{"line":11,"column":6},"end":{"line":11,"column":33}}},"fnMap":{"0":{"name":"(anonymous_0)","decl":{"start":{"line":5,"column":17},"end":{"line":5,"column":18}},"loc":{"start":{"line":5,"column":35},"end":{"line":13,"column":1}},"line":5}},"branchMap":{},"s":{"0":3,"1":3,"2":3,"3":1},"f":{"0":3},"b":{},"_coverageSchema":"1a1c01bbd47fc00a2c39e90264f33305004495a9","hash":"0f44d3f71dfc39bdd6af9dccb7f70f171f678f57"}
,"/app/src/components/ErrorPage.tsx": {"path":"/app/src/components/ErrorPage.tsx","statementMap":{"0":{"start":{"line":7,"column":19},"end":{"line":7,"column":32}},"1":{"start":{"line":8,"column":38},"end":{"line":8,"column":58}},"2":{"start":{"line":9,"column":19},"end":{"line":9,"column":32}},"3":{"start":{"line":11,"column":22},"end":{"line":13,"column":3}},"4":{"start":{"line":12,"column":4},"end":{"line":12,"column":17}},"5":{"start":{"line":15,"column":2},"end":{"line":25,"column":3}}},"fnMap":{"0":{"name":"ErrorPage","decl":{"start":{"line":5,"column":9},"end":{"line":5,"column":18}},"loc":{"start":{"line":5,"column":20},"end":{"line":27,"column":1}},"line":5},"1":{"name":"(anonymous_1)","decl":{"start":{"line":11,"column":22},"end":{"line":11,"column":23}},"loc":{"start":{"line":11,"column":27},"end":{"line":13,"column":3}},"line":11}},"branchMap":{"0":{"loc":{"start":{"line":8,"column":38},"end":{"line":8,"column":58}},"type":"binary-expr","locations":[{"start":{"line":8,"column":38},"end":{"line":8,"column":52}},{"start":{"line":8,"column":56},"end":{"line":8,"column":58}}],"line":8},"1":{"loc":{"start":{"line":19,"column":27},"end":{"line":19,"column":63}},"type":"binary-expr","locations":[{"start":{"line":19,"column":27},"end":{"line":19,"column":39}},{"start":{"line":19,"column":43},"end":{"line":19,"column":63}}],"line":19}},"s":{"0":4,"1":4,"2":4,"3":4,"4":1,"5":4},"f":{"0":4,"1":1},"b":{"0":[4,4],"1":[4,4]},"_coverageSchema":"1a1c01bbd47fc00a2c39e90264f33305004495a9","hash":"1e478ce227b6bd133a12c9b8ba00718e6f2c2c56"}
,"/app/src/components/SantaForm.tsx": {"path":"/app/src/components/SantaForm.tsx","statementMap":{"0":{"start":{"line":10,"column":27},"end":{"line":10,"column":109}},"1":{"start":{"line":11,"column":20},"end":{"line":11,"column":95}},"2":{"start":{"line":12,"column":19},"end":{"line":12,"column":31}},"3":{"start":{"line":14,"column":26},"end":{"line":14,"column":38}},"4":{"start":{"line":15,"column":26},"end":{"line":15,"column":38}},"5":{"start":{"line":16,"column":36},"end":{"line":16,"column":48}},"6":{"start":{"line":17,"column":28},"end":{"line":17,"column":39}},"7":{"start":{"line":18,"column":19},"end":{"line":18,"column":32}},"8":{"start":{"line":20,"column":25},"end":{"line":39,"column":3}},"9":{"start":{"line":21,"column":21},"end":{"line":21,"column":41}},"10":{"start":{"line":22,"column":4},"end":{"line":37,"column":6}},"11":{"start":{"line":23,"column":23},"end":{"line":23,"column":25}},"12":{"start":{"line":24,"column":25},"end":{"line":24,"column":27}},"13":{"start":{"line":25,"column":6},"end":{"line":28,"column":8}},"14":{"start":{"line":26,"column":8},"end":{"line":26,"column":39}},"15":{"start":{"line":27,"column":8},"end":{"line":27,"column":36}},"16":{"start":{"line":30,"column":24},"end":{"line":30,"column":48}},"17":{"start":{"line":31,"column":6},"end":{"line":36,"column":7}},"18":{"start":{"line":32,"column":8},"end":{"line":32,"column":74}},"19":{"start":{"line":35,"column":8},"end":{"line":35,"column":49}},"20":{"start":{"line":43,"column":27},"end":{"line":65,"column":3}},"21":{"start":{"line":44,"column":25},"end":{"line":44,"column":27}},"22":{"start":{"line":45,"column":28},"end":{"line":45,"column":30}},"23":{"start":{"line":46,"column":23},"end":{"line":46,"column":25}},"24":{"start":{"line":47,"column":28},"end":{"line":47,"column":55}},"25":{"start":{"line":48,"column":4},"end":{"line":64,"column":6}},"26":{"start":{"line":49,"column":6},"end":{"line":53,"column":8}},"27":{"start":{"line":50,"column":8},"end":{"line":50,"column":45}},"28":{"start":{"line":51,"column":8},"end":{"line":51,"column":44}},"29":{"start":{"line":52,"column":8},"end":{"line":52,"column":40}},"30":{"start":{"line":54,"column":24},"end":{"line":54,"column":48}},"31":{"start":{"line":55,"column":23},"end":{"line":55,"column":33}},"32":{"start":{"line":56,"column":25},"end":{"line":56,"column":60}},"33":{"start":{"line":57,"column":6},"end":{"line":62,"column":7}},"34":{"start":{"line":58,"column":10},"end":{"line":58,"column":31}},"35":{"start":{"line":61,"column":8},"end":{"line":61,"column":90}},"36":{"start":{"line":68,"column":2},"end":{"line":76,"column":18}},"37":{"start":{"line":69,"column":29},"end":{"line":73,"column":5}},"38":{"start":{"line":70,"column":20},"end":{"line":70,"column":90}},"39":{"start":{"line":71,"column":6},"end":{"line":71,"column":23}},"40":{"start":{"line":72,"column":6},"end":{"line":72,"column":45}},"41":{"start":{"line":72,"column":30},"end":{"line":72,"column":43}},"42":{"start":{"line":74,"column":23},"end":{"line":74,"column":59}},"43":{"start":{"line":75,"column":4},"end":{"line":75,"column":43}},"44":{"start":{"line":75,"column":17},"end":{"line":75,"column":42}},"45":{"start":{"line":80,"column":2},"end":{"line":110,"column":5}},"46":{"start":{"line":90,"column":27},"end":{"line":90,"column":50}},"47":{"start":{"line":104,"column":27},"end":{"line":104,"column":50}}},"fnMap":{"0":{"name":"SantaForm","decl":{"start":{"line":8,"column":9},"end":{"line":8,"column":18}},"loc":{"start":{"line":8,"column":20},"end":{"line":111,"column":1}},"line":8},"1":{"name":"(anonymous_1)","decl":{"start":{"line":20,"column":25},"end":{"line":20,"column":26}},"loc":{"start":{"line":20,"column":31},"end":{"line":39,"column":3}},"line":20},"2":{"name":"(anonymous_2)","decl":{"start":{"line":22,"column":18},"end":{"line":22,"column":19}},"loc":{"start":{"line":22,"column":26},"end":{"line":37,"column":5}},"line":22},"3":{"name":"(anonymous_3)","decl":{"start":{"line":25,"column":24},"end":{"line":25,"column":25}},"loc":{"start":{"line":25,"column":33},"end":{"line":28,"column":7}},"line":25},"4":{"name":"(anonymous_4)","decl":{"start":{"line":43,"column":27},"end":{"line":43,"column":28}},"loc":{"start":{"line":43,"column":34},"end":{"line":65,"column":3}},"line":43},"5":{"name":"(anonymous_5)","decl":{"start":{"line":48,"column":25},"end":{"line":48,"column":26}},"loc":{"start":{"line":48,"column":33},"end":{"line":64,"column":5}},"line":48},"6":{"name":"(anonymous_6)","decl":{"start":{"line":49,"column":24},"end":{"line":49,"column":25}},"loc":{"start":{"line":49,"column":33},"end":{"line":53,"column":7}},"line":49},"7":{"name":"(anonymous_7)","decl":{"start":{"line":68,"column":12},"end":{"line":68,"column":13}},"loc":{"start":{"line":68,"column":18},"end":{"line":76,"column":3}},"line":68},"8":{"name":"(anonymous_8)","decl":{"start":{"line":69,"column":29},"end":{"line":69,"column":30}},"loc":{"start":{"line":69,"column":35},"end":{"line":73,"column":5}},"line":69},"9":{"name":"(anonymous_9)","decl":{"start":{"line":72,"column":15},"end":{"line":72,"column":16}},"loc":{"start":{"line":72,"column":30},"end":{"line":72,"column":43}},"line":72},"10":{"name":"(anonymous_10)","decl":{"start":{"line":75,"column":11},"end":{"line":75,"column":12}},"loc":{"start":{"line":75,"column":17},"end":{"line":75,"column":42}},"line":75},"11":{"name":"(anonymous_11)","decl":{"start":{"line":90,"column":20},"end":{"line":90,"column":21}},"loc":{"start":{"line":90,"column":27},"end":{"line":90,"column":50}},"line":90},"12":{"name":"(anonymous_12)","decl":{"start":{"line":104,"column":20},"end":{"line":104,"column":21}},"loc":{"start":{"line":104,"column":27},"end":{"line":104,"column":50}},"line":104}},"branchMap":{"0":{"loc":{"start":{"line":31,"column":6},"end":{"line":36,"column":7}},"type":"if","locations":[{"start":{"line":31,"column":6},"end":{"line":36,"column":7}},{"start":{"line":34,"column":10},"end":{"line":36,"column":7}}],"line":31},"1":{"loc":{"start":{"line":57,"column":6},"end":{"line":62,"column":7}},"type":"if","locations":[{"start":{"line":57,"column":6},"end":{"line":62,"column":7}},{"start":{"line":60,"column":10},"end":{"line":62,"column":7}}],"line":57}},"s":{"0":15,"1":15,"2":15,"3":15,"4":14,"5":14,"6":14,"7":14,"8":14,"9":3,"10":3,"11":3,"12":3,"13":3,"14":3,"15":3,"16":3,"17":3,"18":1,"19":2,"20":14,"21":2,"22":2,"23":2,"24":2,"25":2,"26":2,"27":2,"28":2,"29":2,"30":2,"31":2,"32":2,"33":2,"34":1,"35":1,"36":14,"37":14,"38":1,"39":1,"40":1,"41":0,"42":14,"43":14,"44":14,"45":14,"46":4,"47":4},"f":{"0":15,"1":3,"2":3,"3":3,"4":2,"5":2,"6":2,"7":14,"8":1,"9":0,"10":14,"11":4,"12":4},"b":{"0":[1,2],"1":[1,1]},"_coverageSchema":"1a1c01bbd47fc00a2c39e90264f33305004495a9","hash":"467c8d6b90018d2a523ba989bac238961127bf4f"}
,"/app/src/components/SuccessPage.tsx": {"path":"/app/src/components/SuccessPage.tsx","statementMap":{"0":{"start":{"line":8,"column":19},"end":{"line":8,"column":32}},"1":{"start":{"line":10,"column":22},"end":{"line":12,"column":3}},"2":{"start":{"line":11,"column":4},"end":{"line":11,"column":17}},"3":{"start":{"line":15,"column":2},"end":{"line":24,"column":3}}},"fnMap":{"0":{"name":"SuccessPage","decl":{"start":{"line":6,"column":9},"end":{"line":6,"column":20}},"loc":{"start":{"line":6,"column":22},"end":{"line":26,"column":1}},"line":6},"1":{"name":"(anonymous_1)","decl":{"start":{"line":10,"column":22},"end":{"line":10,"column":23}},"loc":{"start":{"line":10,"column":27},"end":{"line":12,"column":3}},"line":10}},"branchMap":{},"s":{"0":3,"1":3,"2":1,"3":3},"f":{"0":3,"1":1},"b":{},"_coverageSchema":"1a1c01bbd47fc00a2c39e90264f33305004495a9","hash":"7277488257f1e2ac5a46c4381405fc4ce3a9e436"}
}
