TN:
SF:src/App.tsx
FN:8,App
FNF:1
FNH:0
FNDA:0,App
DA:9,0
LF:1
LH:0
BRF:0
BRH:0
end_of_record
TN:
SF:src/client/SendMail.tsx
FN:5,(anonymous_0)
FNF:1
FNH:1
FNDA:3,(anonymous_0)
DA:5,3
DA:6,3
DA:7,3
DA:11,1
LF:4
LH:4
BRF:0
BRH:0
end_of_record
TN:
SF:src/components/ErrorPage.tsx
FN:5,ErrorPage
FN:11,(anonymous_1)
FNF:2
FNH:2
FNDA:4,ErrorPage
FNDA:1,(anonymous_1)
DA:7,4
DA:8,4
DA:9,4
DA:11,4
DA:12,1
DA:15,4
LF:6
LH:6
BRDA:8,0,0,4
BRDA:8,0,1,4
BRDA:19,1,0,4
BRDA:19,1,1,4
BRF:4
BRH:4
end_of_record
TN:
SF:src/components/SantaForm.tsx
FN:8,SantaForm
FN:20,(anonymous_1)
FN:22,(anonymous_2)
FN:25,(anonymous_3)
FN:43,(anonymous_4)
FN:48,(anonymous_5)
FN:49,(anonymous_6)
FN:68,(anonymous_7)
FN:69,(anonymous_8)
FN:72,(anonymous_9)
FN:75,(anonymous_10)
FN:90,(anonymous_11)
FN:104,(anonymous_12)
FNF:13
FNH:12
FNDA:15,SantaForm
FNDA:3,(anonymous_1)
FNDA:3,(anonymous_2)
FNDA:3,(anonymous_3)
FNDA:2,(anonymous_4)
FNDA:2,(anonymous_5)
FNDA:2,(anonymous_6)
FNDA:14,(anonymous_7)
FNDA:1,(anonymous_8)
FNDA:0,(anonymous_9)
FNDA:14,(anonymous_10)
FNDA:4,(anonymous_11)
FNDA:4,(anonymous_12)
DA:10,15
DA:11,15
DA:12,15
DA:14,15
DA:15,14
DA:16,14
DA:17,14
DA:18,14
DA:20,14
DA:21,3
DA:22,3
DA:23,3
DA:24,3
DA:25,3
DA:26,3
DA:27,3
DA:30,3
DA:31,3
DA:32,1
DA:35,2
DA:43,14
DA:44,2
DA:45,2
DA:46,2
DA:47,2
DA:48,2
DA:49,2
DA:50,2
DA:51,2
DA:52,2
DA:54,2
DA:55,2
DA:56,2
DA:57,2
DA:58,1
DA:61,1
DA:68,14
DA:69,14
DA:70,1
DA:71,1
DA:72,1
DA:74,14
DA:75,14
DA:80,14
DA:90,4
DA:104,4
LF:46
LH:46
BRDA:31,0,0,1
BRDA:31,0,1,2
BRDA:57,1,0,1
BRDA:57,1,1,1
BRF:4
BRH:4
end_of_record
TN:
SF:src/components/SuccessPage.tsx
FN:6,SuccessPage
FN:10,(anonymous_1)
FNF:2
FNH:2
FNDA:3,SuccessPage
FNDA:1,(anonymous_1)
DA:8,3
DA:10,3
DA:11,1
DA:15,3
LF:4
LH:4
BRF:0
BRH:0
end_of_record
